<?xml version="1.0" encoding="UTF-8"?>
<!-- Generated by org.testng.reporters.JUnitXMLReporter -->
<testsuite ignored="0" hostname="WLC233ZV" failures="0" tests="4" name="Default test" time="13.383" errors="0" timestamp="2024-08-17T19:22:58 IST">
  <testcase classname="day21.OrangeHRMTest" name="openApp" time="5.083"/>
  <testcase classname="day21.OrangeHRMTest" name="logoDisplay" time="5.066"/>
  <testcase classname="day21.OrangeHRMTest" name="logIn" time="1.493"/>
  <testcase classname="day21.OrangeHRMTest" name="closeApp" time="1.711"/>
</testsuite> <!-- Default test -->
