<?xml version="1.0" encoding="UTF-8"?>
<!-- Generated by org.testng.reporters.JUnitXMLReporter -->
<testsuite ignored="0" hostname="WLC233ZV" failures="0" tests="4" name="Test" time="13.584" errors="0" timestamp="2024-08-17T19:41:42 IST">
  <testcase classname="day21.OrangeHRMTest" name="openApp" time="4.838"/>
  <testcase classname="day21.OrangeHRMTest" name="logoDisplay" time="5.07"/>
  <testcase classname="day21.OrangeHRMTest" name="logIn" time="3.501"/>
  <testcase classname="day21.OrangeHRMTest" name="closeApp" time="0.148"/>
</testsuite> <!-- Test -->
