<?xml version="1.0" encoding="UTF-8"?>
<testng-results ignored="0" total="4" passed="4" failed="0" skipped="0">
  <reporter-output>
  </reporter-output>
  <suite started-at="2024-08-17T19:41:28 IST" name="Suite" finished-at="2024-08-17T19:41:42 IST" duration-ms="13584">
    <groups>
    </groups>
    <test started-at="2024-08-17T19:41:28 IST" name="Test" finished-at="2024-08-17T19:41:42 IST" duration-ms="13584">
      <class name="day21.OrangeHRMTest">
        <test-method signature="openApp()[pri:1, instance:day21.OrangeHRMTest@20ce78ec]" started-at="2024-08-17T19:41:28 IST" name="openApp" finished-at="2024-08-17T19:41:33 IST" duration-ms="4838" status="PASS">
          <reporter-output>
          </reporter-output>
        </test-method> <!-- openApp -->
        <test-method signature="logoDisplay()[pri:2, instance:day21.OrangeHRMTest@20ce78ec]" started-at="2024-08-17T19:41:33 IST" name="logoDisplay" finished-at="2024-08-17T19:41:38 IST" duration-ms="5070" status="PASS">
          <reporter-output>
          </reporter-output>
        </test-method> <!-- logoDisplay -->
        <test-method signature="logIn()[pri:3, instance:day21.OrangeHRMTest@20ce78ec]" started-at="2024-08-17T19:41:38 IST" name="logIn" finished-at="2024-08-17T19:41:41 IST" duration-ms="3501" status="PASS">
          <reporter-output>
          </reporter-output>
        </test-method> <!-- logIn -->
        <test-method signature="closeApp()[pri:4, instance:day21.OrangeHRMTest@20ce78ec]" started-at="2024-08-17T19:41:41 IST" name="closeApp" finished-at="2024-08-17T19:41:42 IST" duration-ms="148" status="PASS">
          <reporter-output>
          </reporter-output>
        </test-method> <!-- closeApp -->
      </class> <!-- day21.OrangeHRMTest -->
    </test> <!-- Test -->
  </suite> <!-- Suite -->
</testng-results>
